<?xml version="1.0" encoding="UTF-8"?>
<!-- Generated by org.testng.reporters.JUnitXMLReporter -->
<testsuite hostname="Automation-PC" ignored="0" name="Automation Positive Tests" tests="4" failures="4" timestamp="11 Mar 2019 07:48:35 GMT" time="22.156" errors="0">
  <testcase name="@BeforeTest setup" time="0.0" classname="test.GitHubTest">
    <failure type="java.lang.IndexOutOfBoundsException" message="Index: 0, Size: 0">
      <![CDATA[java.lang.IndexOutOfBoundsException: Index: 0, Size: 0
	at java.util.ArrayList.rangeCheck(Unknown Source)
	at java.util.ArrayList.get(Unknown Source)
	at GitHubHandling.GitHubHandlerResponse.showLatestReleaseTag(GitHubHandlerResponse.java:129)
	at test.GitHubTest.showLastReleaseTagResult(GitHubTest.java:83)
	at test.GitHubTest.showFirstResultName_Star(GitHubTest.java:68)
	at test.GitHubTest.getResponse(GitHubTest.java:54)
	at test.GitHubTest.setup(GitHubTest.java:39)
... Removed 23 stack frames]]>
    </failure>
  </testcase> <!-- @BeforeTest setup -->
  <testcase name="getResponse" time="0.0" classname="test.GitHubTest">
    <failure type="org.testng.TestNGException" message="
Cannot inject @Test annotated Method [getResponse] with [class java.lang.String].
For more information on native dependency injection please refer to http://testng.org/doc/documentation-main.html#native-dependency-injection">
      <![CDATA[org.testng.TestNGException: 
Cannot inject @Test annotated Method [getResponse] with [class java.lang.String].
For more information on native dependency injection please refer to http://testng.org/doc/documentation-main.html#native-dependency-injection
... Removed 24 stack frames]]>
    </failure>
  </testcase> <!-- getResponse -->
  <testcase name="showFirstResultName_Star" time="0.0" classname="test.GitHubTest">
    <failure type="org.testng.TestNGException" message="
Cannot inject @Test annotated Method [showFirstResultName_Star] with [class java.lang.String].
For more information on native dependency injection please refer to http://testng.org/doc/documentation-main.html#native-dependency-injection">
      <![CDATA[org.testng.TestNGException: 
Cannot inject @Test annotated Method [showFirstResultName_Star] with [class java.lang.String].
For more information on native dependency injection please refer to http://testng.org/doc/documentation-main.html#native-dependency-injection
... Removed 24 stack frames]]>
    </failure>
  </testcase> <!-- showFirstResultName_Star -->
  <testcase name="showLastReleaseTagResult" time="0.0" classname="test.GitHubTest">
    <failure type="org.testng.TestNGException" message="
Cannot inject @Test annotated Method [showLastReleaseTagResult] with [class GitHubHandling.GitHubHandlerResponse, class java.lang.String].
For more information on native dependency injection please refer to http://testng.org/doc/documentation-main.html#native-dependency-injection">
      <![CDATA[org.testng.TestNGException: 
Cannot inject @Test annotated Method [showLastReleaseTagResult] with [class GitHubHandling.GitHubHandlerResponse, class java.lang.String].
For more information on native dependency injection please refer to http://testng.org/doc/documentation-main.html#native-dependency-injection
... Removed 24 stack frames]]>
    </failure>
  </testcase> <!-- showLastReleaseTagResult -->
  <testcase name="verifyLastedReleaset" time="0.0" classname="test.GitHubTest">
    <failure type="org.testng.TestNGException" message="
Cannot inject @Test annotated Method [verifyLastedReleaset] with [class GitHubHandling.GitHubHandlerResponse, class java.lang.String].
For more information on native dependency injection please refer to http://testng.org/doc/documentation-main.html#native-dependency-injection">
      <![CDATA[org.testng.TestNGException: 
Cannot inject @Test annotated Method [verifyLastedReleaset] with [class GitHubHandling.GitHubHandlerResponse, class java.lang.String].
For more information on native dependency injection please refer to http://testng.org/doc/documentation-main.html#native-dependency-injection
... Removed 24 stack frames]]>
    </failure>
  </testcase> <!-- verifyLastedReleaset -->
</testsuite> <!-- Automation Positive Tests -->
